This is pdfTeX, Version 3.141592653-2.6-1.40.24 (MiKTeX 22.8.28) (preloaded format=pdflatex 2022.9.9)  26 SEP 2022 13:00
entering extended mode
 restricted \write18 enabled.
 %&-line parsing enabled.
**./main.tex
(main.tex
LaTeX2e <2022-06-01> patch level 5
L3 programming layer <2022-08-30> (header.tex
(C:\Users\Matija\AppData\Local\Programs\MiKTeX\tex/latex/koma-script\scrreprt.c
ls
Document Class: scrreprt 2022/07/04 v3.37 KOMA-Script document class (report)

(C:\Users\Matija\AppData\Local\Programs\MiKTeX\tex/latex/koma-script\scrkbase.s
ty
Package: scrkbase 2022/07/04 v3.37 KOMA-Script package (KOMA-Script-dependent b
asics and keyval usage)

(C:\Users\Matija\AppData\Local\Programs\MiKTeX\tex/latex/koma-script\scrbase.st
y
Package: scrbase 2022/07/04 v3.37 KOMA-Script package (KOMA-Script-independent 
basics and keyval usage)

(C:\Users\Matija\AppData\Local\Programs\MiKTeX\tex/latex/koma-script\scrlfile.s
ty
Package: scrlfile 2022/07/04 v3.37 KOMA-Script package (file load hooks)

(C:\Users\Matija\AppData\Local\Programs\MiKTeX\tex/latex/koma-script\scrlfile-h
ook.sty
Package: scrlfile-hook 2022/07/04 v3.37 KOMA-Script package (using LaTeX hooks)


(C:\Users\Matija\AppData\Local\Programs\MiKTeX\tex/latex/koma-script\scrlogo.st
y
Package: scrlogo 2022/07/04 v3.37 KOMA-Script package (logo)
)))
(C:\Users\Matija\AppData\Local\Programs\MiKTeX\tex/latex/graphics\keyval.sty
Package: keyval 2022/05/29 v1.15 key=value parser (DPC)
\KV@toks@=\toks16
)
Applying: [2021/05/01] Usage of raw or classic option list on input line 252.
Already applied: [0000/00/00] Usage of raw or classic option list on input line
 368.
))
(C:\Users\Matija\AppData\Local\Programs\MiKTeX\tex/latex/koma-script\tocbasic.s
ty
Package: tocbasic 2022/07/04 v3.37 KOMA-Script package (handling toc-files)
\scr@dte@tocline@numberwidth=\skip47
\scr@dte@tocline@numbox=\box51
)
Package tocbasic Info: babel extension for `toc' omitted
(tocbasic)             because of missing \bbl@set@language on input line 137.
Package scrreprt Info: You've used standard option `11pt'.
(scrreprt)             This is correct!
(scrreprt)             Internally I'm using `fontsize=11pt'.
(scrreprt)             If you'd like to set the option with \KOMAoptions,
(scrreprt)             you'd have to use `fontsize=11pt' there
(scrreprt)             instead of `11pt', too.


Class scrreprt Warning: You've used deprecated option `bibtotoc'.
(scrreprt)              Usage of this option indicates an old document
(scrreprt)              and changes compatibility level using
(scrreprt)              `bibliography=totoc,version=first,
(scrreprt)              enabledeprecatedfontcommands' that may result
(scrreprt)              in further warnings.
(scrreprt)              If you don't want this, you should simply
(scrreprt)              replace option `bibtotoc' by `bibliography=totoc'.

Class scrreprt Info: Switching compatibility level to `first'.

Class scrreprt Warning: Switching back to an old KOMA-Script release does
(scrreprt)              not mean, that KOMA-Script is fully compatible with
(scrreprt)              the old release. If you need full compatibility
(scrreprt)              to an old KOMA-Script release, you should use that
(scrreprt)              old KOMA-Script release. However, in that case you
(scrreprt)              could also need old releases of other packages and
(scrreprt)              even of the LaTeX kernel.
(scrreprt)              You should also note, that the KOMA-Script developers
(scrreprt)              refuse support for documents using `version=first'.
(scrreprt)              We recommend to eliminate all deprecated options
(scrreprt)              and commands. We also recommend to not use option
(scrreprt)              `version', i.e., with other values than `last'.


Class scrreprt Warning: deprecated option `enabledeprecatedfontcommands'.
(scrreprt)              Note, that this option was already depreacted when
(scrreprt)              it has been defined. Support for old font commands
(scrreprt)              has been removed from KOMA-Script more than one
(scrreprt)              decade ago. It is not recommended to use them any
(scrreprt)              longer. Therefore usage of this class option also
(scrreprt)              is not recommended.


Class scrreprt Warning: You've used deprecated option `abstracton'.
(scrreprt)              Usage of this option indicates an old document
(scrreprt)              and changes compatibility level using
(scrreprt)              `abstract=true,version=first,
(scrreprt)              enabledeprecatedfontcommands' that may result
(scrreprt)              in further warnings.
(scrreprt)              If you don't want this, you should simply
(scrreprt)              replace option `abstracton' by `abstract=true'.

Class scrreprt Info: Switching compatibility level to `first'.

Class scrreprt Warning: Switching back to an old KOMA-Script release does
(scrreprt)              not mean, that KOMA-Script is fully compatible with
(scrreprt)              the old release. If you need full compatibility
(scrreprt)              to an old KOMA-Script release, you should use that
(scrreprt)              old KOMA-Script release. However, in that case you
(scrreprt)              could also need old releases of other packages and
(scrreprt)              even of the LaTeX kernel.
(scrreprt)              You should also note, that the KOMA-Script developers
(scrreprt)              refuse support for documents using `version=first'.
(scrreprt)              We recommend to eliminate all deprecated options
(scrreprt)              and commands. We also recommend to not use option
(scrreprt)              `version', i.e., with other values than `last'.


Class scrreprt Warning: deprecated option `enabledeprecatedfontcommands'.
(scrreprt)              Note, that this option was already depreacted when
(scrreprt)              it has been defined. Support for old font commands
(scrreprt)              has been removed from KOMA-Script more than one
(scrreprt)              decade ago. It is not recommended to use them any
(scrreprt)              longer. Therefore usage of this class option also
(scrreprt)              is not recommended.

Class scrreprt Info: File `scrsize11pt.clo' used to setup font sizes on input l
ine 2566.

(C:\Users\Matija\AppData\Local\Programs\MiKTeX\tex/latex/koma-script\scrsize11p
t.clo
File: scrsize11pt.clo 2022/07/04 v3.37 KOMA-Script font size class option (11pt
)
)
(C:\Users\Matija\AppData\Local\Programs\MiKTeX\tex/latex/koma-script\typearea.s
ty
Package: typearea 2022/07/04 v3.37 KOMA-Script package (type area)
\ta@bcor=\skip48
\ta@div=\count185
Package typearea Info: You've used standard option `a4paper'.
(typearea)             This is correct!
(typearea)             Internally I'm using `paper=a4'.
(typearea)             If you'd like to set the option with \KOMAoptions,
(typearea)             you'd have to use `paper=a4' there
(typearea)             instead of `a4paper', too.
\ta@hblk=\skip49
\ta@vblk=\skip50
\ta@temp=\skip51
\footheight=\skip52
Package typearea Info: These are the values describing the layout:
(typearea)             DIV  = 10
(typearea)             BCOR = 0.0pt
(typearea)             \paperwidth      = 597.50793pt
(typearea)              \textwidth      = 418.25555pt
(typearea)              DIV departure   = -6%
(typearea)              \evensidemargin = 17.3562pt
(typearea)              \oddsidemargin  = 17.3562pt
(typearea)             \paperheight     = 845.04694pt
(typearea)              \textheight     = 595.80026pt
(typearea)              \topmargin      = -25.16531pt
(typearea)              \headheight     = 17.0pt
(typearea)              \headsep        = 20.40001pt
(typearea)              \topskip        = 11.0pt
(typearea)              \footskip       = 47.6pt
(typearea)              \baselineskip   = 13.6pt
(typearea)              on input line 1766.
)
\c@part=\count186
\c@chapter=\count187
\c@section=\count188
\c@subsection=\count189
\c@subsubsection=\count190
\c@paragraph=\count191
\c@subparagraph=\count192
\scr@dte@chapter@maxnumwidth=\skip53
Class scrreprt Info: using compatibility default `afterindent=bysign'
(scrreprt)           for `\chapter on input line 5805.
\scr@dte@section@maxnumwidth=\skip54
Class scrreprt Info: using compatibility default `runin=bysign'
(scrreprt)           for `\section on input line 5816.
Class scrreprt Info: using compatibility default `afterindent=bysign'
(scrreprt)           for `\section on input line 5816.
\scr@dte@part@maxnumwidth=\skip55
Class scrreprt Info: using compatibility default `afterindent=true'
(scrreprt)           for `\part on input line 5825.
\scr@dte@subsection@maxnumwidth=\skip56
Class scrreprt Info: using compatibility default `runin=bysign'
(scrreprt)           for `\subsection on input line 5835.
Class scrreprt Info: using compatibility default `afterindent=bysign'
(scrreprt)           for `\subsection on input line 5835.
\scr@dte@subsubsection@maxnumwidth=\skip57
Class scrreprt Info: using compatibility default `runin=bysign'
(scrreprt)           for `\subsubsection on input line 5845.
Class scrreprt Info: using compatibility default `afterindent=bysign'
(scrreprt)           for `\subsubsection on input line 5845.
\scr@dte@paragraph@maxnumwidth=\skip58
Class scrreprt Info: using compatibility default `runin=bysign'
(scrreprt)           for `\paragraph on input line 5856.
Class scrreprt Info: using compatibility default `afterindent=bysign'
(scrreprt)           for `\paragraph on input line 5856.
\scr@dte@subparagraph@maxnumwidth=\skip59
Class scrreprt Info: using compatibility default `runin=bysign'
(scrreprt)           for `\subparagraph on input line 5866.
Class scrreprt Info: using compatibility default `afterindent=bysign'
(scrreprt)           for `\subparagraph on input line 5866.
\abovecaptionskip=\skip60
\belowcaptionskip=\skip61
\c@pti@nb@sid@b@x=\box52
Package tocbasic Info: babel extension for `lof' omitted
(tocbasic)             because of missing \bbl@set@language on input line 7031.

\scr@dte@figure@maxnumwidth=\skip62
\c@figure=\count193
Package tocbasic Info: babel extension for `lot' omitted
(tocbasic)             because of missing \bbl@set@language on input line 7048.

\scr@dte@table@maxnumwidth=\skip63
\c@table=\count194
Class scrreprt Info: Using old \@makefntext due to compatibility level
(scrreprt)           less than 3.22 on input line 7206.
Class scrreprt Info: Redefining `\numberline' on input line 7219.
\bibindent=\dimen138
) (C:\Users\Matija\AppData\Local\Programs\MiKTeX\tex/latex/url\url.sty
\Urlmuskip=\muskip16
Package: url 2013/09/16  ver 3.4  Verb mode for urls, etc.
)
(C:\Users\Matija\AppData\Local\Programs\MiKTeX\tex/latex/cite\cite.sty
LaTeX Info: Redefining \cite on input line 302.
LaTeX Info: Redefining \nocite on input line 332.
Package: cite 2015/02/27  v 5.5
)
(C:\Users\Matija\AppData\Local\Programs\MiKTeX\tex/latex/acronym\acronym.sty
Package: acronym 2020/04/17 v1.47 Support for acronyms (Tobias Oetiker)

(C:\Users\Matija\AppData\Local\Programs\MiKTeX\tex/latex/bigfoot\suffix.sty
Package: suffix 2006/07/15 1.5a Variant command support
)
(C:\Users\Matija\AppData\Local\Programs\MiKTeX\tex/latex/xstring\xstring.sty
(C:\Users\Matija\AppData\Local\Programs\MiKTeX\tex/generic/xstring\xstring.tex
\integerpart=\count195
\decimalpart=\count196
)
Package: xstring 2021/07/21 v1.84 String manipulations (CT)
)
\AC@clearlist=\toks17
)

Class scrreprt Warning: Usage of package `tocbibind' together
(scrreprt)              with a KOMA-Script class is not recommended.
(scrreprt)              I'd suggest to use options like `listof=totoc'
(scrreprt)              or `bibliography=totoc', or commands like
(scrreprt)              `\setuptoc{toc}{totoc}' instead of this package,
(scrreprt)              because it breaks several KOMA-Script features of
(scrreprt)              the list of figures, list of tables, bibliography,
(scrreprt)              index and the running head.
(scrreprt)              Nevertheless, using requested
(scrreprt)              package `tocbibind' on input line 19.


(C:\Users\Matija\AppData\Local\Programs\MiKTeX\tex/latex/tocbibind\tocbibind.st
y
Package: tocbibind 2010/10/13 v1.5k extra ToC listings
Package tocbibind Info: The document has chapter divisions on input line 50.


Package tocbibind Note: Using chapter style headings, unless overridden.

) (C:\Users\Matija\AppData\Local\Programs\MiKTeX\tex/latex/amsmath\amsmath.sty
Package: amsmath 2022/04/08 v2.17n AMS math features
\@mathmargin=\skip64

For additional information on amsmath, use the `?' option.
(C:\Users\Matija\AppData\Local\Programs\MiKTeX\tex/latex/amsmath\amstext.sty
Package: amstext 2021/08/26 v2.01 AMS text

(C:\Users\Matija\AppData\Local\Programs\MiKTeX\tex/latex/amsmath\amsgen.sty
File: amsgen.sty 1999/11/30 v2.0 generic functions
\@emptytoks=\toks18
\ex@=\dimen139
))
(C:\Users\Matija\AppData\Local\Programs\MiKTeX\tex/latex/amsmath\amsbsy.sty
Package: amsbsy 1999/11/29 v1.2d Bold Symbols
\pmbraise@=\dimen140
)
(C:\Users\Matija\AppData\Local\Programs\MiKTeX\tex/latex/amsmath\amsopn.sty
Package: amsopn 2022/04/08 v2.04 operator names
)
\inf@bad=\count197
LaTeX Info: Redefining \frac on input line 234.
\uproot@=\count198
\leftroot@=\count199
LaTeX Info: Redefining \overline on input line 399.
LaTeX Info: Redefining \colon on input line 410.
\classnum@=\count266
\DOTSCASE@=\count267
LaTeX Info: Redefining \ldots on input line 496.
LaTeX Info: Redefining \dots on input line 499.
LaTeX Info: Redefining \cdots on input line 620.
\Mathstrutbox@=\box53
\strutbox@=\box54
LaTeX Info: Redefining \big on input line 722.
LaTeX Info: Redefining \Big on input line 723.
LaTeX Info: Redefining \bigg on input line 724.
LaTeX Info: Redefining \Bigg on input line 725.
\big@size=\dimen141
LaTeX Font Info:    Redeclaring font encoding OML on input line 743.
LaTeX Font Info:    Redeclaring font encoding OMS on input line 744.
\macc@depth=\count268
LaTeX Info: Redefining \bmod on input line 905.
LaTeX Info: Redefining \pmod on input line 910.
LaTeX Info: Redefining \smash on input line 940.
LaTeX Info: Redefining \relbar on input line 970.
LaTeX Info: Redefining \Relbar on input line 971.
\c@MaxMatrixCols=\count269
\dotsspace@=\muskip17
\c@parentequation=\count270
\dspbrk@lvl=\count271
\tag@help=\toks19
\row@=\count272
\column@=\count273
\maxfields@=\count274
\andhelp@=\toks20
\eqnshift@=\dimen142
\alignsep@=\dimen143
\tagshift@=\dimen144
\tagwidth@=\dimen145
\totwidth@=\dimen146
\lineht@=\dimen147
\@envbody=\toks21
\multlinegap=\skip65
\multlinetaggap=\skip66
\mathdisplay@stack=\toks22
LaTeX Info: Redefining \[ on input line 2953.
LaTeX Info: Redefining \] on input line 2954.
)
(C:\Users\Matija\AppData\Local\Programs\MiKTeX\tex/latex/import\import.sty
Package: import 2020/04/01  v 6.2
)
(C:\Users\Matija\AppData\Local\Programs\MiKTeX\tex/latex/hyperref\hyperref.sty
Package: hyperref 2022-06-20 v7.00s Hypertext links for LaTeX

(C:\Users\Matija\AppData\Local\Programs\MiKTeX\tex/generic/ltxcmds\ltxcmds.sty
Package: ltxcmds 2020-05-10 v1.25 LaTeX kernel commands for general use (HO)
) (C:\Users\Matija\AppData\Local\Programs\MiKTeX\tex/generic/iftex\iftex.sty
Package: iftex 2022/02/03 v1.0f TeX engine tests
)
(C:\Users\Matija\AppData\Local\Programs\MiKTeX\tex/generic/pdftexcmds\pdftexcmd
s.sty
Package: pdftexcmds 2020-06-27 v0.33 Utility functions of pdfTeX for LuaTeX (HO
)

(C:\Users\Matija\AppData\Local\Programs\MiKTeX\tex/generic/infwarerr\infwarerr.
sty
Package: infwarerr 2019/12/03 v1.5 Providing info/warning/error messages (HO)
)
Package pdftexcmds Info: \pdf@primitive is available.
Package pdftexcmds Info: \pdf@ifprimitive is available.
Package pdftexcmds Info: \pdfdraftmode found.
)
(C:\Users\Matija\AppData\Local\Programs\MiKTeX\tex/generic/kvsetkeys\kvsetkeys.
sty
Package: kvsetkeys 2019/12/15 v1.18 Key value parser (HO)
)
(C:\Users\Matija\AppData\Local\Programs\MiKTeX\tex/generic/kvdefinekeys\kvdefin
ekeys.sty
Package: kvdefinekeys 2019-12-19 v1.6 Define keys (HO)
)
(C:\Users\Matija\AppData\Local\Programs\MiKTeX\tex/generic/pdfescape\pdfescape.
sty
Package: pdfescape 2019/12/09 v1.15 Implements pdfTeX's escape features (HO)
)
(C:\Users\Matija\AppData\Local\Programs\MiKTeX\tex/latex/hycolor\hycolor.sty
Package: hycolor 2020-01-27 v1.10 Color options for hyperref/bookmark (HO)
)
(C:\Users\Matija\AppData\Local\Programs\MiKTeX\tex/latex/letltxmacro\letltxmacr
o.sty
Package: letltxmacro 2019/12/03 v1.6 Let assignment for LaTeX macros (HO)
)
(C:\Users\Matija\AppData\Local\Programs\MiKTeX\tex/latex/auxhook\auxhook.sty
Package: auxhook 2019-12-17 v1.6 Hooks for auxiliary files (HO)
)
(C:\Users\Matija\AppData\Local\Programs\MiKTeX\tex/latex/hyperref\nameref.sty
Package: nameref 2022-05-17 v2.50 Cross-referencing by name of section

(C:\Users\Matija\AppData\Local\Programs\MiKTeX\tex/latex/refcount\refcount.sty
Package: refcount 2019/12/15 v3.6 Data extraction from label references (HO)
)
(C:\Users\Matija\AppData\Local\Programs\MiKTeX\tex/generic/gettitlestring\getti
tlestring.sty
Package: gettitlestring 2019/12/15 v1.6 Cleanup title references (HO)

(C:\Users\Matija\AppData\Local\Programs\MiKTeX\tex/latex/kvoptions\kvoptions.st
y
Package: kvoptions 2022-06-15 v3.15 Key value format for package options (HO)
))
\c@section@level=\count275
)
\@linkdim=\dimen148
\Hy@linkcounter=\count276
\Hy@pagecounter=\count277

(C:\Users\Matija\AppData\Local\Programs\MiKTeX\tex/latex/hyperref\pd1enc.def
File: pd1enc.def 2022-06-20 v7.00s Hyperref: PDFDocEncoding definition (HO)
Now handling font encoding PD1 ...
... no UTF-8 mapping file for font encoding PD1
)
(C:\Users\Matija\AppData\Local\Programs\MiKTeX\tex/generic/intcalc\intcalc.sty
Package: intcalc 2019/12/15 v1.3 Expandable calculations with integers (HO)
)
(C:\Users\Matija\AppData\Local\Programs\MiKTeX\tex/generic/etexcmds\etexcmds.st
y
Package: etexcmds 2019/12/15 v1.7 Avoid name clashes with e-TeX commands (HO)
)
\Hy@SavedSpaceFactor=\count278
 (C:\Users\Matija\AppData\Local\Programs\MiKTeX\tex/latex/hyperref\puenc.def
File: puenc.def 2022-06-20 v7.00s Hyperref: PDF Unicode definition (HO)
Now handling font encoding PU ...
... no UTF-8 mapping file for font encoding PU
)
Package hyperref Info: Option `colorlinks' set `false' on input line 4045.
Package hyperref Info: Hyper figures OFF on input line 4162.
Package hyperref Info: Link nesting OFF on input line 4167.
Package hyperref Info: Hyper index ON on input line 4170.
Package hyperref Info: Plain pages OFF on input line 4177.
Package hyperref Info: Backreferencing OFF on input line 4182.
Package hyperref Info: Implicit mode ON; LaTeX internals redefined.
Package hyperref Info: Bookmarks ON on input line 4408.
\c@Hy@tempcnt=\count279
LaTeX Info: Redefining \url on input line 4746.
\XeTeXLinkMargin=\dimen149
(C:\Users\Matija\AppData\Local\Programs\MiKTeX\tex/generic/bitset\bitset.sty
Package: bitset 2019/12/09 v1.3 Handle bit-vector datatype (HO)

(C:\Users\Matija\AppData\Local\Programs\MiKTeX\tex/generic/bigintcalc\bigintcal
c.sty
Package: bigintcalc 2019/12/15 v1.5 Expandable calculations on big integers (HO
)
))
\Fld@menulength=\count280
\Field@Width=\dimen150
\Fld@charsize=\dimen151
Package hyperref Info: Hyper figures OFF on input line 6024.
Package hyperref Info: Link nesting OFF on input line 6029.
Package hyperref Info: Hyper index ON on input line 6032.
Package hyperref Info: backreferencing OFF on input line 6039.
Package hyperref Info: Link coloring OFF on input line 6044.
Package hyperref Info: Link coloring with OCG OFF on input line 6049.
Package hyperref Info: PDF/A mode OFF on input line 6054.

(C:\Users\Matija\AppData\Local\Programs\MiKTeX\tex/latex/base\atbegshi-ltx.sty
Package: atbegshi-ltx 2021/01/10 v1.0c Emulation of the original atbegshi
package with kernel methods
)
\Hy@abspage=\count281
\c@Item=\count282
\c@Hfootnote=\count283
)
Package hyperref Info: Driver (autodetected): hpdftex.
 (C:\Users\Matija\AppData\Local\Programs\MiKTeX\tex/latex/hyperref\hpdftex.def
File: hpdftex.def 2022-06-20 v7.00s Hyperref driver for pdfTeX

(C:\Users\Matija\AppData\Local\Programs\MiKTeX\tex/latex/base\atveryend-ltx.sty
Package: atveryend-ltx 2020/08/19 v1.0a Emulation of the original atveryend pac
kage
with kernel methods
)
\Fld@listcount=\count284
\c@bookmark@seq@number=\count285

(C:\Users\Matija\AppData\Local\Programs\MiKTeX\tex/latex/rerunfilecheck\rerunfi
lecheck.sty
Package: rerunfilecheck 2022-07-10 v1.10 Rerun checks for auxiliary files (HO)

(C:\Users\Matija\AppData\Local\Programs\MiKTeX\tex/generic/uniquecounter\unique
counter.sty
Package: uniquecounter 2019/12/15 v1.4 Provide unlimited unique counter (HO)
)
Package uniquecounter Info: New unique counter `rerunfilecheck' on input line 2
85.
)
\Hy@SectionHShift=\skip67
)
(C:\Users\Matija\AppData\Local\Programs\MiKTeX\tex/generic/babel\babel.sty
Package: babel 2022/08/29 3.79 The Babel package
\babel@savecnt=\count286
\U@D=\dimen152
\l@unhyphenated=\language79

(C:\Users\Matija\AppData\Local\Programs\MiKTeX\tex/generic/babel\txtbabel.def)
\bbl@readstream=\read2
\bbl@dirlevel=\count287

*************************************
* Local config file bblopts.cfg used
*
(C:\Users\Matija\AppData\Local\Programs\MiKTeX\tex/latex/arabi\bblopts.cfg
File: bblopts.cfg 2005/09/08 v0.1 add Arabic and Farsi to "declared" options of
 babel
)
(C:\Users\Matija\AppData\Local\Programs\MiKTeX\tex/latex/babel-german\german.ld
f
Language: german 2021/02/27 v2.13 German support for babel (pre-1996 orthograph
y)

(C:\Users\Matija\AppData\Local\Programs\MiKTeX\tex/latex/babel-german\germanb.l
df
Language: germanb 2021/02/27 v2.13 German support for babel (pre-1996 orthograp
hy)
Package babel Info: Making " an active character on input line 139.
))
(C:\Users\Matija\AppData\Local\Programs\MiKTeX\tex/latex/babel-english\english.
ldf
Language: english 2017/06/06 v3.3r English support from the babel system
Package babel Info: Hyphen rules for 'canadian' set to \l@english
(babel)             (\language0). Reported on input line 102.
Package babel Info: Hyphen rules for 'australian' set to \l@ukenglish
(babel)             (\language73). Reported on input line 105.
Package babel Info: Hyphen rules for 'newzealand' set to \l@ukenglish
(babel)             (\language73). Reported on input line 108.
))
(C:\Users\Matija\AppData\Local\Programs\MiKTeX\tex/generic/babel/locale/en\babe
l-english.tex
Package babel Info: Importing font and identification data for english
(babel)             from babel-en.ini. Reported on input line 11.
)
(C:\Users\Matija\AppData\Local\Programs\MiKTeX\tex/generic/babel/locale/de\babe
l-german.tex
Package babel Info: Importing font and identification data for german
(babel)             from babel-de.ini. Reported on input line 25.
)
(C:\Users\Matija\AppData\Local\Programs\MiKTeX\tex/latex/base\inputenc.sty
Package: inputenc 2021/02/14 v1.3d Input encoding file
\inpenc@prehook=\toks23
\inpenc@posthook=\toks24
)
(C:\Users\Matija\AppData\Local\Programs\MiKTeX\tex/latex/graphics\graphicx.sty
Package: graphicx 2021/09/16 v1.2d Enhanced LaTeX Graphics (DPC,SPQR)

(C:\Users\Matija\AppData\Local\Programs\MiKTeX\tex/latex/graphics\graphics.sty
Package: graphics 2022/03/10 v1.4e Standard LaTeX Graphics (DPC,SPQR)

(C:\Users\Matija\AppData\Local\Programs\MiKTeX\tex/latex/graphics\trig.sty
Package: trig 2021/08/11 v1.11 sin cos tan (DPC)
)
(C:\Users\Matija\AppData\Local\Programs\MiKTeX\tex/latex/graphics-cfg\graphics.
cfg
File: graphics.cfg 2016/06/04 v1.11 sample graphics configuration
)
Package graphics Info: Driver file: pdftex.def on input line 107.

(C:\Users\Matija\AppData\Local\Programs\MiKTeX\tex/latex/graphics-def\pdftex.de
f
File: pdftex.def 2020/10/05 v1.2a Graphics/color driver for pdftex
))
\Gin@req@height=\dimen153
\Gin@req@width=\dimen154
)
(C:\Users\Matija\AppData\Local\Programs\MiKTeX\tex/latex/subfigure\subfigure.st
y
Package: subfigure 2002/07/30 v2.1.4 subfigure package
\subfigtopskip=\skip68
\subfigcapskip=\skip69
\subfigcaptopadj=\dimen155
\subfigbottomskip=\skip70
\subfigcapmargin=\dimen156
\subfiglabelskip=\skip71
\c@subfigure=\count288
\c@lofdepth=\count289
\c@subtable=\count290
\c@lotdepth=\count291

****************************************
* Local config file subfigure.cfg used *
****************************************

(C:\Users\Matija\AppData\Local\Programs\MiKTeX\tex/latex/subfigure\subfigure.cf
g)
\subfig@top=\skip72
\subfig@bottom=\skip73
)
(C:\Users\Matija\AppData\Local\Programs\MiKTeX\tex/latex/algorithm2e\algorithm2
e.sty
Package: algorithm2e 2017/07/18 v5.2 algorithms environments
\c@AlgoLine=\count292
 (C:\Users\Matija\AppData\Local\Programs\MiKTeX\tex/latex/base\ifthen.sty
Package: ifthen 2022/04/13 v1.1d Standard LaTeX ifthen package (DPC)
)
\algocf@hangindent=\skip74

(C:\Users\Matija\AppData\Local\Programs\MiKTeX\tex/latex/ifoddpage\ifoddpage.st
y
Package: ifoddpage 2016/04/23 v1.1 Conditionals for odd/even page detection
\c@checkoddpage=\count293
) (C:\Users\Matija\AppData\Local\Programs\MiKTeX\tex/latex/tools\xspace.sty
Package: xspace 2014/10/28 v1.13 Space after command names (DPC,MH)
)
(C:\Users\Matija\AppData\Local\Programs\MiKTeX\tex/latex/relsize\relsize.sty
Package: relsize 2013/03/29 ver 4.1
)
\skiptotal=\skip75
\skiplinenumber=\skip76
\skiprule=\skip77
\skiphlne=\skip78
\skiptext=\skip79
\skiplength=\skip80
\algomargin=\skip81
\skipalgocfslide=\skip82
\algowidth=\dimen157
\inoutsize=\dimen158
\inoutindent=\dimen159
\interspacetitleruled=\dimen160
\interspacealgoruled=\dimen161
\interspacetitleboxruled=\dimen162
\algocf@ruledwidth=\skip83
\algocf@inoutbox=\box55
\algocf@inputbox=\box56
\AlCapSkip=\skip84
\AlCapHSkip=\skip85
\algoskipindent=\skip86
\algocf@nlbox=\box57
\algocf@hangingbox=\box58
\algocf@untilbox=\box59
\algocf@skipuntil=\skip87
\algocf@capbox=\box60
\algocf@lcaptionbox=\skip88
\algoheightruledefault=\skip89
\algoheightrule=\skip90
\algotitleheightruledefault=\skip91
\algotitleheightrule=\skip92
\c@algocfline=\count294
\c@algocfproc=\count295
\c@algocf=\count296
\algocf@algoframe=\box61
\algocf@algobox=\box62
)
(C:\Users\Matija\AppData\Local\Programs\MiKTeX\tex/latex/booktabs\booktabs.sty
Package: booktabs 2020/01/12 v1.61803398 Publication quality tables
\heavyrulewidth=\dimen163
\lightrulewidth=\dimen164
\cmidrulewidth=\dimen165
\belowrulesep=\dimen166
\belowbottomsep=\dimen167
\aboverulesep=\dimen168
\abovetopsep=\dimen169
\cmidrulesep=\dimen170
\cmidrulekern=\dimen171
\defaultaddspace=\dimen172
\@cmidla=\count297
\@cmidlb=\count298
\@aboverulesep=\dimen173
\@belowrulesep=\dimen174
\@thisruleclass=\count299
\@lastruleclass=\count300
\@thisrulewidth=\dimen175
) (C:\Users\Matija\AppData\Local\Programs\MiKTeX\tex/latex/multirow\multirow.st
y
Package: multirow 2021/03/15 v2.8 Span multiple rows of a table
\multirow@colwidth=\skip93
\multirow@cntb=\count301
\multirow@dima=\skip94
\bigstrutjot=\dimen176
)
(C:\Users\Matija\AppData\Local\Programs\MiKTeX\tex/latex/colortbl\colortbl.sty
Package: colortbl 2022/06/20 v1.0f Color table columns (DPC)

(C:\Users\Matija\AppData\Local\Programs\MiKTeX\tex/latex/tools\array.sty
Package: array 2021/10/04 v2.5f Tabular extension package (FMi)
\col@sep=\dimen177
\ar@mcellbox=\box63
\extrarowheight=\dimen178
\NC@list=\toks25
\extratabsurround=\skip95
\backup@length=\skip96
\ar@cellbox=\box64
)
(C:\Users\Matija\AppData\Local\Programs\MiKTeX\tex/latex/graphics\color.sty
Package: color 2022/01/06 v1.3d Standard LaTeX Color (DPC)

(C:\Users\Matija\AppData\Local\Programs\MiKTeX\tex/latex/graphics-cfg\color.cfg
File: color.cfg 2016/01/02 v1.6 sample color configuration
)
Package color Info: Driver file: pdftex.def on input line 149.

(C:\Users\Matija\AppData\Local\Programs\MiKTeX\tex/latex-dev/graphics\mathcolor
.ltx))
\everycr=\toks26
\minrowclearance=\skip97
\rownum=\count302
)
(C:\Users\Matija\AppData\Local\Programs\MiKTeX\tex/latex/wrapfig\wrapfig.sty
\wrapoverhang=\dimen179
\WF@size=\dimen180
\c@WF@wrappedlines=\count303
\WF@box=\box65
\WF@everypar=\toks27
Package: wrapfig 2003/01/31  v 3.6
)
(C:\Users\Matija\AppData\Local\Programs\MiKTeX\tex/latex/listings\listings.sty
\lst@mode=\count304
\lst@gtempboxa=\box66
\lst@token=\toks28
\lst@length=\count305
\lst@currlwidth=\dimen181
\lst@column=\count306
\lst@pos=\count307
\lst@lostspace=\dimen182
\lst@width=\dimen183
\lst@newlines=\count308
\lst@lineno=\count309
\lst@maxwidth=\dimen184

(C:\Users\Matija\AppData\Local\Programs\MiKTeX\tex/latex/listings\lstmisc.sty
File: lstmisc.sty 2020/03/24 1.8d (Carsten Heinz)
\c@lstnumber=\count310
\lst@skipnumbers=\count311
\lst@framebox=\box67
)
(C:\Users\Matija\AppData\Local\Programs\MiKTeX\tex/latex/listings\listings.cfg
File: listings.cfg 2020/03/24 1.8d listings configuration
))
Package: listings 2020/03/24 1.8d (Carsten Heinz)
Package color Info: Redefining color red on input line 52.
Package color Info: Redefining color black on input line 56.

(C:\Users\Matija\AppData\Local\Programs\MiKTeX\tex/latex/listings\lstlang1.sty
File: lstlang1.sty 2020/03/24 1.8d listings language file
) (C:\Users\Matija\AppData\Local\Programs\MiKTeX\tex/latex/listings\lstlang1.st
y
File: lstlang1.sty 2020/03/24 1.8d listings language file
) (C:\Users\Matija\AppData\Local\Programs\MiKTeX\tex/latex/listings\lstmisc.sty
File: lstmisc.sty 2020/03/24 1.8d (Carsten Heinz)
) (C:\Users\Matija\AppData\Local\Programs\MiKTeX\tex/latex/amsfonts\amssymb.sty
Package: amssymb 2013/01/14 v3.01 AMS font symbols
(C:\Users\Matija\AppData\Local\Programs\MiKTeX\tex/latex/amsfonts\amsfonts.sty
Package: amsfonts 2013/01/14 v3.01 Basic AMSFonts support
\symAMSa=\mathgroup4
\symAMSb=\mathgroup5
LaTeX Font Info:    Redeclaring math symbol \hbar on input line 98.
LaTeX Font Info:    Overwriting math alphabet `\mathfrak' in version `bold'
(Font)                  U/euf/m/n --> U/euf/b/n on input line 106.
))
(C:\Users\Matija\AppData\Local\Programs\MiKTeX\tex/latex/algorithms\algorithmic
.sty
Package: algorithmic 2009/08/24 v0.1 Document Style `algorithmic'
\c@ALC@unique=\count312
\c@ALC@line=\count313
\c@ALC@rem=\count314
\c@ALC@depth=\count315
\ALC@tlm=\skip98
\algorithmicindent=\skip99
)
(C:\Users\Matija\AppData\Local\Programs\MiKTeX\tex/latex/koma-script\scrlayer-s
crpage.sty
Package: scrlayer-scrpage 2022/07/04 v3.37 KOMA-Script package (end user interf
ace for scrlayer)

(C:\Users\Matija\AppData\Local\Programs\MiKTeX\tex/latex/koma-script\scrlayer.s
ty
Package: scrlayer 2022/07/04 v3.37 KOMA-Script package (defining layers and pag
e styles)
Package scrlayer Info: patching LaTeX kernel macro \pagestyle on input line 215
5.
)
Package scrlayer-scrpage Info: Makeing stand-alone element `pagehead' from
(scrlayer-scrpage)             alias to `pageheadfoot' on input line 1089.
)
1: section
1: chapter
1: chapter
1: section
1: section
1: chapter
1: chapter
1: section

Package scrlayer-scrpage Warning: replacing deprecated \clearscrheading by
(scrlayer-scrpage)                \clearmainofpairofpagestyles on input line 94
.


Package scrlayer-scrpage Warning: replacing deprecated \clearscrplain by
(scrlayer-scrpage)                \clearplainofpairofpagestyles on input line 9
5.


Package scrlayer-scrpage Warning: replacing deprecated \clearscrheadfoot by
(scrlayer-scrpage)                \clearpairofpagestyles on input line 96.


(C:\Users\Matija\AppData\Local\Programs\MiKTeX\tex/latex/l3backend\l3backend-pd
ftex.def
File: l3backend-pdftex.def 2022-08-30 L3 backend support: PDF output (pdfTeX)
\l__color_backend_stack_int=\count316
\l__pdf_internal_box=\box68
) (main.aux)
\openout1 = `main.aux'.

LaTeX Font Info:    Checking defaults for OML/cmm/m/it on input line 103.
LaTeX Font Info:    ... okay on input line 103.
LaTeX Font Info:    Checking defaults for OMS/cmsy/m/n on input line 103.
LaTeX Font Info:    ... okay on input line 103.
LaTeX Font Info:    Checking defaults for OT1/cmr/m/n on input line 103.
LaTeX Font Info:    ... okay on input line 103.
LaTeX Font Info:    Checking defaults for T1/cmr/m/n on input line 103.
LaTeX Font Info:    ... okay on input line 103.
LaTeX Font Info:    Checking defaults for TS1/cmr/m/n on input line 103.
LaTeX Font Info:    ... okay on input line 103.
LaTeX Font Info:    Checking defaults for OMX/cmex/m/n on input line 103.
LaTeX Font Info:    ... okay on input line 103.
LaTeX Font Info:    Checking defaults for U/cmr/m/n on input line 103.
LaTeX Font Info:    ... okay on input line 103.
LaTeX Font Info:    Checking defaults for PD1/pdf/m/n on input line 103.
LaTeX Font Info:    ... okay on input line 103.
LaTeX Font Info:    Checking defaults for PU/pdf/m/n on input line 103.
LaTeX Font Info:    ... okay on input line 103.
Package scrbase Info: activating english \abstractname on input line 103.
Package scrbase Info: activating english \partname on input line 103.
Package scrbase Info: activating english \chaptername on input line 103.
Package scrbase Info: activating english \appendixname on input line 103.
Package scrbase Info: activating english \figurename on input line 103.
Package scrbase Info: activating english \tablename on input line 103.
Package scrbase Info: activating english \contentsname on input line 103.
Package scrbase Info: activating english \listfigurename on input line 103.
Package scrbase Info: activating english \listtablename on input line 103.
Package scrbase Info: activating english \bibname on input line 103.
Package scrbase Info: activating english \indexname on input line 103.
Package tocbasic Info: usage of `tocbibind' detected on input line 103.


Package tocbasic Warning: `tocbibind' redefinition of `\tableofcontents'
(tocbasic)                detected.
(tocbasic)                Note: Loading `tocbibind' without option `nottoc'
(tocbasic)                can break several features of `tocbasic'.


Package tocbasic Warning: `tocbibind' redefinition of `\listoffigures'
(tocbasic)                detected.
(tocbasic)                Note: Loading `tocbibind' without option `notlof'
(tocbasic)                can break several features of `tocbasic'.


Package tocbasic Warning: `tocbibind' redefinition of `\listoftables'
(tocbasic)                detected.
(tocbasic)                Note: Loading `tocbibind' without option `notlot'
(tocbasic)                can break several features of `tocbasic'.

Package hyperref Info: Link coloring OFF on input line 103.
(main.out) (main.out)
\@outlinefile=\write3
\openout3 = `main.out'.

Class scrreprt Info: loading recommended package `bookmark'.
(scrreprt)           Using `bookmark' together with `hyperref' is recommended,
(scrreprt)           because of handling of possible bookmark level gaps.
(scrreprt)           You can avoid loading `bookmark' with KOMA-Script option
(scrreprt)           `bookmarkpackage=false' before \begin{document} and
(scrreprt)           you can avoid this message adding:
(scrreprt)             \usepackage{bookmark}
(scrreprt)           before \begin{document} on input line 103.

(C:\Users\Matija\AppData\Local\Programs\MiKTeX\tex/latex/bookmark\bookmark.sty
Package: bookmark 2020-11-06 v1.29 PDF bookmarks (HO)

(C:\Users\Matija\AppData\Local\Programs\MiKTeX\tex/latex/bookmark\bkm-pdftex.de
f
File: bkm-pdftex.def 2020-11-06 v1.29 bookmark driver for pdfTeX (HO)
\BKM@id=\count317
))
(C:\Users\Matija\AppData\Local\Programs\MiKTeX\tex/context/base/mkii\supp-pdf.m
kii
[Loading MPS to PDF converter (version 2006.09.02).]
\scratchcounter=\count318
\scratchdimen=\dimen185
\scratchbox=\box69
\nofMPsegments=\count319
\nofMParguments=\count320
\everyMPshowfont=\toks29
\MPscratchCnt=\count321
\MPscratchDim=\dimen186
\MPnumerator=\count322
\makeMPintoPDFobject=\count323
\everyMPtoPDFconversion=\toks30
)
(C:\Users\Matija\AppData\Local\Programs\MiKTeX\tex/latex/epstopdf-pkg\epstopdf-
base.sty
Package: epstopdf-base 2020-01-24 v2.11 Base part for package epstopdf

(C:\Users\Matija\AppData\Local\Programs\MiKTeX\tex/latex/grfext\grfext.sty
Package: grfext 2019/12/03 v1.3 Manage graphics extensions (HO)
)
Package epstopdf-base Info: Redefining graphics rule for `.eps' on input line 4
85.
Package grfext Info: Graphics extension search list:
(grfext)             [.pdf,.png,.jpg,.mps,.jpeg,.jbig2,.jb2,.PDF,.PNG,.JPG,.JPE
G,.JBIG2,.JB2,.eps]
(grfext)             \AppendGraphicsExtensions on input line 504.

(C:\Users\Matija\AppData\Local\Programs\MiKTeX\tex/latex/00miktex\epstopdf-sys.
cfg
File: epstopdf-sys.cfg 2021/03/18 v2.0 Configuration of epstopdf for MiKTeX
))
\c@lstlisting=\count324
<fig/unilogo.pdf, id=3, 489.4512pt x 167.33328pt>
File: fig/unilogo.pdf Graphic file (type pdf)
<use fig/unilogo.pdf>
Package pdftex.def Info: fig/unilogo.pdf  used on input line 111.
(pdftex.def)             Requested size: 334.60571pt x 114.39536pt.
 [1


{C:/Users/Matija/AppData/Local/MiKTeX/fonts/map/pdftex/pdftex.map} <./fig/unilo
go.pdf>] [2] [3] [4]) (Abstract.tex
pdfTeX warning (ext4): destination with the same identifier (name{page.4}) has 
been already used, duplicate ignored
<to be read again> 
                   \relax 
l.4 \end{abstract}
                   [4

] [5] [6

] [7]) (main.toc
LaTeX Font Info:    Trying to load font information for U+msa on input line 6.

(C:\Users\Matija\AppData\Local\Programs\MiKTeX\tex/latex/amsfonts\umsa.fd
File: umsa.fd 2013/01/14 v3.01 AMS symbols A
)
LaTeX Font Info:    Trying to load font information for U+msb on input line 6.

(C:\Users\Matija\AppData\Local\Programs\MiKTeX\tex/latex/amsfonts\umsb.fd
File: umsb.fd 2013/01/14 v3.01 AMS symbols B
))
\tf@toc=\write4
\openout4 = `main.toc'.


[1

] [2] [3] (Einleitung.tex
chapter 1.

Class scrreprt Warning: \float@addtolists detected!
(scrreprt)              Implementation of \float@addtolist became
(scrreprt)              deprecated in KOMA-Script v3.01 2008/11/14 and
(scrreprt)              has been replaced by several more flexible
(scrreprt)              features of package `tocbasic`.
(scrreprt)              Since Version 3.12 support for deprecated
(scrreprt)              \float@addtolist interface has been
(scrreprt)              restricted to only some of the KOMA-Script
(scrreprt)              features and been removed from others.
(scrreprt)              Loading of package `scrhack' may help to
(scrreprt)              avoid this warning, if you are using a
(scrreprt)              a package that still implements the
(scrreprt)              deprecated \float@addtolist interface.


pdfTeX warning (ext4): destination with the same identifier (name{page.1}) has 
been already used, duplicate ignored
<to be read again> 
                   \relax 
l.12 
      [1

]
pdfTeX warning (ext4): destination with the same identifier (name{page.2}) has 
been already used, duplicate ignored
<to be read again> 
                   \relax 
l.30 \section
             {Related Works} [2])
pdfTeX warning (ext4): destination with the same identifier (name{page.3}) has 
been already used, duplicate ignored
<to be read again> 
                   \relax 
l.12 \newpage
              [3]
pdfTeX warning (ext4): destination with the same identifier (name{page.4}) has 
been already used, duplicate ignored
<to be read again> 
                   \relax 
l.13 ...e\thispagestyle{empty}\hspace{1em}\newpage
                                                   [4] (Grundlagen.tex
chapter 2.

Underfull \hbox (badness 10000) in paragraph at lines 3--4

 []


Underfull \hbox (badness 10000) in paragraph at lines 5--6

 []


pdfTeX warning (ext4): destination with the same identifier (name{page.5}) has 
been already used, duplicate ignored
<to be read again> 
                   \relax 
l.9 
     [5

]
Underfull \hbox (badness 10000) in paragraph at lines 12--13

 []


Underfull \hbox (badness 10000) in paragraph at lines 14--15

 []

<fig/UnrealEngineLevelEditor.png, id=187, 1440.88312pt x 784.43062pt>
File: fig/UnrealEngineLevelEditor.png Graphic file (type png)
<use fig/UnrealEngineLevelEditor.png>
Package pdftex.def Info: fig/UnrealEngineLevelEditor.png  used on input line 18
.
(pdftex.def)             Requested size: 376.42744pt x 204.92863pt.

Underfull \hbox (badness 10000) in paragraph at lines 25--26

 []


pdfTeX warning (ext4): destination with the same identifier (name{page.6}) has 
been already used, duplicate ignored
<to be read again> 
                   \relax 
l.26 
      [6 <./fig/UnrealEngineLevelEditor.png>]
Underfull \hbox (badness 10000) in paragraph at lines 27--28

 []


Underfull \hbox (badness 10000) in paragraph at lines 32--34

 []


pdfTeX warning (ext4): destination with the same identifier (name{page.7}) has 
been already used, duplicate ignored
<to be read again> 
                   \relax 
l.34 
      [7]
<fig/UnrealCharacter.png, id=214, 761.09344pt x 460.72125pt>
File: fig/UnrealCharacter.png Graphic file (type png)
<use fig/UnrealCharacter.png>
Package pdftex.def Info: fig/UnrealCharacter.png  used on input line 37.
(pdftex.def)             Requested size: 376.42744pt x 227.87143pt.

Underfull \hbox (badness 10000) in paragraph at lines 46--47

 []

[8 <./fig/UnrealCharacter.png>]
<fig/ClassExample3.png, id=230, 785.93625pt x 399.74344pt>
File: fig/ClassExample3.png Graphic file (type png)
<use fig/ClassExample3.png>
Package pdftex.def Info: fig/ClassExample3.png  used on input line 52.
(pdftex.def)             Requested size: 334.6121pt x 159.99823pt.

Underfull \hbox (badness 10000) in paragraph at lines 48--57

 []

[9 <./fig/ClassExample3.png>]
<fig/BlueprintExample.png, id=241, 1135.24126pt x 567.62062pt>
File: fig/BlueprintExample.png Graphic file (type png)
<use fig/BlueprintExample.png>
Package pdftex.def Info: fig/BlueprintExample.png  used on input line 63.
(pdftex.def)             Requested size: 376.42744pt x 188.21614pt.
 [10 <./fig/BlueprintExample.png>]
Underfull \hbox (badness 10000) in paragraph at lines 75--76

 []


Underfull \hbox (badness 10000) in paragraph at lines 77--78

 []


Underfull \hbox (badness 10000) in paragraph at lines 79--81

 []

[11]
<fig/ListenvsDedicated.pdf, id=257, 1251.05908pt x 402.19795pt>
File: fig/ListenvsDedicated.pdf Graphic file (type pdf)
<use fig/ListenvsDedicated.pdf>
Package pdftex.def Info: fig/ListenvsDedicated.pdf  used on input line 84.
(pdftex.def)             Requested size: 334.60571pt x 107.57pt.
Package acronym Info: Label `acro:RPC' newly defined as it shall be overridden
although it is yet undefined on input line 90.
) [12 <./fig/ListenvsDedicated.pdf>] [13] (EigenesVerfahren.tex
chapter 3.

Underfull \hbox (badness 10000) in paragraph at lines 7--9

 []

<fig/FilePicker2.png, id=308, 1436.36626pt x 757.32938pt>
File: fig/FilePicker2.png Graphic file (type png)
<use fig/FilePicker2.png>
Package pdftex.def Info: fig/FilePicker2.png  used on input line 12.
(pdftex.def)             Requested size: 376.42744pt x 198.4726pt.

Underfull \hbox (badness 10000) in paragraph at lines 17--18

 []

[14

] [15 <./fig/FilePicker2.png>] [16]
<fig/TriangleFan.pdf, id=349, 464.18114pt x 468.23596pt>
File: fig/TriangleFan.pdf Graphic file (type pdf)
<use fig/TriangleFan.pdf>
Package pdftex.def Info: fig/TriangleFan.pdf  used on input line 56.
(pdftex.def)             Requested size: 125.47794pt x 126.56828pt.
 [17 <./fig/TriangleFan.pdf>]
<fig/STLFormat.png, id=375, 405.76593pt x 204.01219pt>
File: fig/STLFormat.png Graphic file (type png)
<use fig/STLFormat.png>
Package pdftex.def Info: fig/STLFormat.png  used on input line 88.
(pdftex.def)             Requested size: 146.39198pt x 73.60309pt.
 [18 <./fig/STLFormat.png>]
Underfull \hbox (badness 10000) in paragraph at lines 99--104

 []

[19] [20] [21] [22]
<fig/LoadedModel2.png, id=453, 1209.76968pt x 589.4522pt>
File: fig/LoadedModel2.png Graphic file (type png)
<use fig/LoadedModel2.png>
Package pdftex.def Info: fig/LoadedModel2.png  used on input line 143.
(pdftex.def)             Requested size: 271.86356pt x 132.45912pt.
 [23 <./fig/LoadedModel2.png>]
<fig/LineTracing2.png, id=472, 983.17313pt x 360.59718pt>
File: fig/LineTracing2.png Graphic file (type png)
<use fig/LineTracing2.png>
Package pdftex.def Info: fig/LineTracing2.png  used on input line 161.
(pdftex.def)             Requested size: 334.60571pt x 122.72246pt.
 [24 <./fig/LineTracing2.png>]
<fig/InteractionMenu2.png, id=480, 338.76563pt x 563.10374pt>
File: fig/InteractionMenu2.png Graphic file (type png)
<use fig/InteractionMenu2.png>
Package pdftex.def Info: fig/InteractionMenu2.png  used on input line 172.
(pdftex.def)             Requested size: 125.47794pt x 208.56851pt.
[25 <./fig/InteractionMenu2.png>]
<fig/ExpanedActor.png, id=491, 1324.19719pt x 585.68813pt>
File: fig/ExpanedActor.png Graphic file (type png)
<use fig/ExpanedActor.png>
Package pdftex.def Info: fig/ExpanedActor.png  used on input line 187.
(pdftex.def)             Requested size: 334.60571pt x 147.99455pt.

Underfull \hbox (badness 10000) in paragraph at lines 192--194

 []


Underfull \hbox (badness 10000) in paragraph at lines 197--198

 []

<fig/ComponentHighlight.png, id=493, 1225.57875pt x 473.51906pt>
File: fig/ComponentHighlight.png Graphic file (type png)
<use fig/ComponentHighlight.png>
Package pdftex.def Info: fig/ComponentHighlight.png  used on input line 201.
(pdftex.def)             Requested size: 334.60571pt x 129.27522pt.
) [26 <./fig/ExpanedActor.png>] [27 <./fig/ComponentHighlight.png>] [28]
(Ergebnisse.tex
chapter 4.

Underfull \hbox (badness 10000) in paragraph at lines 11--13

 []

[29

]
Underfull \hbox (badness 10000) in paragraph at lines 55--57

 []

[30])
Underfull \hbox (badness 10000) in paragraph at lines 62--21

 []

[31] [32] [33] (ZusammenfassungAusblick.tex
chapter 5.
) [34

] [35] (main.bbl
Underfull \hbox (badness 10000) in paragraph at lines 36--41
[]\OT1/cmr/m/sc/10.95 Epic Games\OT1/cmr/m/n/10.95 :  \OT1/cmr/m/it/10.95 Bluep
rint Func-tion Li-braries\OT1/cmr/m/n/10.95 .  Of-fi-cial doc-
 []


Underfull \hbox (badness 10000) in paragraph at lines 36--41
\OT1/cmr/m/n/10.95 u-men-ta-tion, Epic Games.  []$https : / / docs . unrealengi
ne . com / 4 .
 []


Underfull \hbox (badness 10000) in paragraph at lines 36--41
\OT1/cmr/m/n/10.95 27 / en-[]US / ProgrammingAndScripting / ProgrammingWithCPP 
/
 []


Underfull \hbox (badness 6236) in paragraph at lines 43--48
[]\OT1/cmr/m/sc/10.95 Epic Games\OT1/cmr/m/n/10.95 :  \OT1/cmr/m/it/10.95 Bluep
rint Vi-sual Script-ing\OT1/cmr/m/n/10.95 .  Of-fi-cial doc-u-men-
 []


Underfull \hbox (badness 10000) in paragraph at lines 43--48
\OT1/cmr/m/n/10.95 ta-tion, Epic Games.  []$https : / / docs . unrealengine . c
om / 4 . 27 / en-[]US /
 []


Underfull \hbox (badness 3240) in paragraph at lines 50--55
[]\OT1/cmr/m/sc/10.95 Epic Games\OT1/cmr/m/n/10.95 :  \OT1/cmr/m/it/10.95 Char-
ac-ter\OT1/cmr/m/n/10.95 .  Of-fi-cial doc-u-men-ta-tion, Epic Games.
 []


Underfull \hbox (badness 10000) in paragraph at lines 50--55
[]$\OT1/cmr/m/n/10.95 https : / / docs . unrealengine . com / 4 . 27 / en-[]US 
/ InteractiveExperiences /
 []


Underfull \hbox (badness 7522) in paragraph at lines 64--69
[]\OT1/cmr/m/sc/10.95 Epic Games\OT1/cmr/m/n/10.95 :  \OT1/cmr/m/it/10.95 FHTTP
-Mod-ule\OT1/cmr/m/n/10.95 .  Of-fi-cial doc-u-men-ta-tion, Epic
 []


Underfull \hbox (badness 10000) in paragraph at lines 71--76
[]$\OT1/cmr/m/n/10.95 https : / / docs . unrealengine . com / 4 . 27 / en-[]US 
/ ProgrammingAndScripting /
 []


Underfull \hbox (badness 10000) in paragraph at lines 78--83
\OT1/cmr/m/n/10.95 / / docs . unrealengine . com / 4 . 27 / en-[]US / Interacti
veExperiences / Framework /
 []

[36

]
Underfull \hbox (badness 3724) in paragraph at lines 92--97
[]\OT1/cmr/m/sc/10.95 Epic Games\OT1/cmr/m/n/10.95 :  \OT1/cmr/m/it/10.95 Playe
r Con-troller\OT1/cmr/m/n/10.95 .  Of-fi-cial doc-u-men-ta-tion, Epic
 []


Underfull \hbox (badness 10000) in paragraph at lines 99--104
[]$\OT1/cmr/m/n/10.95 https : / / docs . unrealengine . com / 4 . 27 / en-[]US 
/ BlueprintAPI / Components /
 []


Underfull \hbox (badness 10000) in paragraph at lines 106--111
[]\OT1/cmr/m/sc/10.95 Epic Games\OT1/cmr/m/n/10.95 :  \OT1/cmr/m/it/10.95 Tools
 and Ed-i-tors\OT1/cmr/m/n/10.95 .  Of-fi-cial doc-u-men-ta-
 []


Underfull \hbox (badness 10000) in paragraph at lines 106--111
\OT1/cmr/m/n/10.95 tion, Epic Games.  []$https : / / docs . unrealengine . com 
/ 5 . 0 / en-[]US /
 []


Underfull \hbox (badness 4660) in paragraph at lines 120--125
\OT1/cmr/m/n/10.95 2022.  []$https : / / docs . unrealengine . com / 4 . 27 / e
n-[]US / WorkingWithContent /
 []


Underfull \hbox (badness 6510) in paragraph at lines 127--132
[]\OT1/cmr/m/sc/10.95 Epic Games\OT1/cmr/m/n/10.95 :  \OT1/cmr/m/it/10.95 Us-in
g Data-smith at Run-time\OT1/cmr/m/n/10.95 .  Of-fi-cial doc-u-
 []


Underfull \hbox (badness 10000) in paragraph at lines 127--132
\OT1/cmr/m/n/10.95 men-ta-tion, Epic Games, 2022.  []$https : / / docs . unreal
engine . com /
 []


Underfull \hbox (badness 10000) in paragraph at lines 127--132
\OT1/cmr/m/n/10.95 4 . 27 / en-[]US / WorkingWithContent / Importing / Datasmit
h / Overview /
 []


Underfull \hbox (badness 10000) in paragraph at lines 134--138
[]\OT1/cmr/m/sc/10.95 Grayson N.\OT1/cmr/m/n/10.95 :  Fort-nite's jessen talks 
minecraft,
 []


Underfull \hbox (badness 10000) in paragraph at lines 134--138
\OT1/cmr/m/n/10.95 pc gam-ing, ue4.  []$https : / / www . rockpapershotgun . co
m /
 []


Underfull \hbox (badness 10000) in paragraph at lines 140--144
[]\OT1/cmr/m/sc/10.95 Inosoft AG\OT1/cmr/m/n/10.95 :  Mi-tar-beit-er-schu-lung 
mit hilfe einer vir-tual re-
 []


Underfull \hbox (badness 10000) in paragraph at lines 140--144
\OT1/cmr/m/n/10.95 al-ity an-wen-dung.  []$https : / / inosoft . de / themen / 
virtual-[]reality /
 []

[37]
Underfull \hbox (badness 10000) in paragraph at lines 169--173
[]\OT1/cmr/m/sc/10.95 Neukirchen C.\OT1/cmr/m/n/10.95 :  Un-real en-gine 4 net-
work com-pendium.
 []


Underfull \hbox (badness 10000) in paragraph at lines 169--173
[]$\OT1/cmr/m/n/10.95 https : / / dev . epicgames . com / community / learning 
/ tutorials / jO9e /
 []


Underfull \hbox (badness 10000) in paragraph at lines 186--190
[]\OT1/cmr/m/sc/10.95 Schmidt R.\OT1/cmr/m/n/10.95 :  Pro-ce-du-ral mesh bluepr
ints in ue4.26,
 []


Underfull \hbox (badness 10000) in paragraph at lines 186--190
\OT1/cmr/m/n/10.95 2020.  []$http : / / www . gradientspace . com / tutorials /
 2020 / 11 / 11 /
 []


Underfull \hbox (badness 10000) in paragraph at lines 192--195
[]\OT1/cmr/m/sc/10.95 Sweeney T.\OT1/cmr/m/n/10.95 :  "gpu gems 2 { fore-word, 
2005.
 []


Underfull \hbox (badness 10000) in paragraph at lines 202--207
[]\OT1/cmr/m/sc/10.95 TriAxis-Games\OT1/cmr/m/n/10.95 :  \OT1/cmr/m/it/10.95 Ru
n-time Mesh Com-po-nent\OT1/cmr/m/n/10.95 .  Of-fi-cial doc-u-
 []


Underfull \hbox (badness 10000) in paragraph at lines 202--207
\OT1/cmr/m/n/10.95 men-ta-tion, TriAxis-Games.  []$https : / / github . com / T
riAxis-[]Games /
 []


Underfull \hbox (badness 10000) in paragraph at lines 209--214
[]\OT1/cmr/m/sc/10.95 Walker I.\OT1/cmr/m/n/10.95 :  Mor-rowind com-pletely re-
booted your xbox
 []


Underfull \hbox (badness 10000) in paragraph at lines 209--214
\OT1/cmr/m/n/10.95 dur-ing some load-ing screens, 2020.  []$https : / / kotaku 
. com /
 []


Overfull \hbox (38.4058pt too wide) in paragraph at lines 209--214
\OT1/cmr/m/n/10.95 morrowind-[]completely-[]rebooted-[]your-[]xbox-[]during-[]s
ome-[]loa-[]1845158550$[](23.09.2022). 
 []

) [38] [39] (Abkurzungen.tex

LaTeX Warning: Hyper reference `acro:CAD' on page 40 undefined on input line 5.



LaTeX Warning: Hyper reference `acro:CAD' on page 40 undefined on input line 5.



LaTeX Warning: Hyper reference `acro:VR' on page 40 undefined on input line 6.


LaTeX Warning: Hyper reference `acro:VR' on page 40 undefined on input line 6.


LaTeX Warning: Hyper reference `acro:glTF' on page 40 undefined on input line 7
.


LaTeX Warning: Hyper reference `acro:glTF' on page 40 undefined on input line 7
.


LaTeX Warning: Hyper reference `acro:FBX' on page 40 undefined on input line 8.



LaTeX Warning: Hyper reference `acro:FBX' on page 40 undefined on input line 8.



LaTeX Warning: Hyper reference `acro:AI' on page 40 undefined on input line 9.


LaTeX Warning: Hyper reference `acro:AI' on page 40 undefined on input line 9.


LaTeX Warning: Hyper reference `acro:API' on page 40 undefined on input line 10
.


LaTeX Warning: Hyper reference `acro:API' on page 40 undefined on input line 10
.


LaTeX Warning: Hyper reference `acro:CRI' on page 40 undefined on input line 12
.


LaTeX Warning: Hyper reference `acro:CRI' on page 40 undefined on input line 12
.


LaTeX Warning: Hyper reference `acro:CRP' on page 40 undefined on input line 13
.


LaTeX Warning: Hyper reference `acro:CRP' on page 40 undefined on input line 13
.


LaTeX Warning: Hyper reference `acro:HTTP' on page 40 undefined on input line 1
4.


LaTeX Warning: Hyper reference `acro:HTTP' on page 40 undefined on input line 1
4.


LaTeX Warning: Hyper reference `acro:MTL' on page 40 undefined on input line 15
.


LaTeX Warning: Hyper reference `acro:MTL' on page 40 undefined on input line 15
.


LaTeX Warning: Hyper reference `acro:PMC' on page 40 undefined on input line 16
.


LaTeX Warning: Hyper reference `acro:PMC' on page 40 undefined on input line 16
.


LaTeX Warning: Hyper reference `acro:RMC' on page 40 undefined on input line 17
.


LaTeX Warning: Hyper reference `acro:RMC' on page 40 undefined on input line 17
.


LaTeX Warning: Hyper reference `acro:PBR' on page 40 undefined on input line 18
.


LaTeX Warning: Hyper reference `acro:PBR' on page 40 undefined on input line 18
.

) [40

] [41] (main.lof)
\tf@lof=\write5
\openout5 = `main.lof'.

 [42

] (main.lot)
\tf@lot=\write6
\openout6 = `main.lot'.

 [43

] [44] (main.loa)
\tf@loa=\write7
\openout7 = `main.loa'.

 [45

] (main.aux)

LaTeX Warning: There were undefined references.

Package rerunfilecheck Info: File `main.out' has not changed.
(rerunfilecheck)             Checksum: D41D8CD98F00B204E9800998ECF8427E;0.
 ) 
Here is how much of TeX's memory you used:
 19734 strings out of 475389
 369958 string characters out of 2776529
 971646 words of memory out of 3000000
 40600 multiletter control sequences out of 15000+600000
 479697 words of font info for 67 fonts, out of 8000000 for 9000
 1142 hyphenation exceptions out of 8191
 113i,20n,109p,10616b,654s stack positions out of 10000i,1000n,20000p,200000b,80000s
<C:/Users/Matija/AppData/Local/Programs/MiKTeX/fonts/type1/public/amsfonts/cm
/cmbx10.pfb><C:/Users/Matija/AppData/Local/Programs/MiKTeX/fonts/type1/public/a
msfonts/cm/cmbx12.pfb><C:/Users/Matija/AppData/Local/Programs/MiKTeX/fonts/type
1/public/amsfonts/cm/cmcsc10.pfb><C:/Users/Matija/AppData/Local/Programs/MiKTeX
/fonts/type1/public/amsfonts/cm/cmmi10.pfb><C:/Users/Matija/AppData/Local/Progr
ams/MiKTeX/fonts/type1/public/amsfonts/cm/cmr10.pfb><C:/Users/Matija/AppData/Lo
cal/Programs/MiKTeX/fonts/type1/public/amsfonts/cm/cmr12.pfb><C:/Users/Matija/A
ppData/Local/Programs/MiKTeX/fonts/type1/public/amsfonts/cm/cmr6.pfb><C:/Users/
Matija/AppData/Local/Programs/MiKTeX/fonts/type1/public/amsfonts/cm/cmr8.pfb><C
:/Users/Matija/AppData/Local/Programs/MiKTeX/fonts/type1/public/amsfonts/cm/cmr
9.pfb><C:/Users/Matija/AppData/Local/Programs/MiKTeX/fonts/type1/public/amsfont
s/cm/cmsl10.pfb><C:/Users/Matija/AppData/Local/Programs/MiKTeX/fonts/type1/publ
ic/amsfonts/cm/cmsy10.pfb><C:/Users/Matija/AppData/Local/Programs/MiKTeX/fonts/
type1/public/amsfonts/cm/cmti10.pfb><C:/Users/Matija/AppData/Local/Programs/MiK
TeX/fonts/type1/public/amsfonts/cm/cmtt10.pfb>
Output written on main.pdf (56 pages, 5336410 bytes).
PDF statistics:
 877 PDF objects out of 1000 (max. 8388607)
 165 named destinations out of 1000 (max. 500000)
 311 words of extra memory for PDF output out of 10000 (max. 10000000)

